<?xml version="1.0" encoding="UTF-8"?>
<testsuites name="git" time="11" tests="1" failures="0" errors="0">
   <testsuite name="git" tests="1" failures="0" errors="0" time="11" timestamp="2018-12-28 16:12:36" hostname="hungtran - GLKV1G2.kms.com.vn" id="Test Suites/Regression Execution/WebUI/git">
      <properties>
         <property name="deviceName" value=""/>
         <property name="devicePlatform" value=""/>
         <property name="logFolder" value="C:\\Users\\hungtran\\git\\demo-training\\Reports\\Regression Execution\\WebUI\\git\\20181228_161228"/>
         <property name="logFiles" value="C:\\Users\\hungtran\\git\\demo-training\\Reports\\Regression Execution\\WebUI\\git\\20181228_161228\\execution0.log"/>
         <property name="attachments" value=""/>
         <property name="hostName" value="hungtran - GLKV1G2.kms.com.vn"/>
         <property name="os" value="Windows 10 64bit"/>
         <property name="katalonVersion" value="5.10.0.1"/>
         <property name="browser" value="Chrome 71.0.3578.98"/>
         <property name="hostAddress" value="10.0.75.1"/>
         <property name="sessionId" value="faa1dba7e512b609d22dcde679e9df9b"/>
         <property name="seleniumVersion" value="3.7.1"/>
         <property name="proxyInformation" value="ProxyInformation{proxyOption=NO_PROXY, proxyServerType=HTTP, password=, proxyServerAddress=, proxyServerPort=0}"/>
         <property name="platform" value="Windows 10"/>
      </properties>
      <testcase name="Test Cases/Main Cases/Product Name/WebUI/KAT_SendKeys/TC001_Login with global variables_SendKeys" classname="Test Cases/Main Cases/Product Name/WebUI/KAT_SendKeys/TC001_Login with global variables_SendKeys" status="PASSED">
         <system-out><![CDATA[2018-12-28 16:12:37 - [TEST_CASE][PASSED] - Test Cases/Main Cases/Product Name/WebUI/KAT_SendKeys/TC001_Login with global variables_SendKeys: Test Cases/Main Cases/Product Name/WebUI/KAT_SendKeys/TC001_Login with global variables_SendKeys

2018-12-28 16:12:37 - [TEST_STEP][PASSED] - Start listener action : beforeTestCase: null

2018-12-28 16:12:37 - [TEST_STEP][PASSED] - testCaseCurrent = getCurrentTestCase(testCaseContext): null

2018-12-28 16:12:37 - [TEST_STEP][PASSED] - testCaseId = testCaseContext.getTestCaseId(): null

2018-12-28 16:12:37 - [TEST_STEP][PASSED] - testCase = findTestCase(testCaseId): null

2018-12-28 16:12:37 - [TEST_STEP][PASSED] - return testCase: null

2018-12-28 16:12:37 - [TEST_STEP][PASSED] - try: null

2018-12-28 16:12:37 - [TEST_STEP][PASSED] - if (TestCaseSpecs.isWebUI(testCaseCurrent)): null

2018-12-28 16:12:37 - [TEST_STEP][PASSED] - openBrowser(""): Browser is opened with url: ''

2018-12-28 16:12:37 - [MESSAGE][INFO] - Starting 'Chrome' driver

2018-12-28 16:12:37 - [MESSAGE][INFO] - Action delay is set to 0 seconds

2018-12-28 16:12:41 - [MESSAGE][PASSED] - Browser is opened with url: ''

2018-12-28 16:12:41 - [TEST_STEP][PASSED] - navigateToUrl($GlobalVariable.G_git_URL_default): Navigate to 'http://github.com/login' successfully

2018-12-28 16:12:43 - [MESSAGE][PASSED] - Navigate to 'http://github.com/login' successfully

2018-12-28 16:12:43 - [TEST_STEP][PASSED] - waitForElementVisible(findTestObject("Test Object/Product Name/gitHub/Pages/Login Page/Page_Sign in to GitHub  GitHub/h1_Sign_in_to_GitHub"), 60): Object 'Object Repository/Test Object/Product Name/gitHub/Pages/Login Page/Page_Sign in to GitHub  GitHub/h1_Sign_in_to_GitHub' is visible

2018-12-28 16:12:43 - [MESSAGE][PASSED] - Object 'Object Repository/Test Object/Product Name/gitHub/Pages/Login Page/Page_Sign in to GitHub  GitHub/h1_Sign_in_to_GitHub' is visible

2018-12-28 16:12:43 - [TEST_STEP][PASSED] - verifyTextPresent("Sign in to GitHub", false): Text 'Sign in to GitHub' is present on page 

2018-12-28 16:12:43 - [MESSAGE][PASSED] - Text 'Sign in to GitHub' is present on page 

2018-12-28 16:12:43 - [TEST_STEP][PASSED] - setText(findTestObject("Test Object/Product Name/gitHub/Pages/Login Page/Page_Sign in to GitHub  GitHub/input_Username"), username): Text 'demo-kmssolutions' is set on object 'Object Repository/Test Object/Product Name/gitHub/Pages/Login Page/Page_Sign in to GitHub  GitHub/input_Username'

2018-12-28 16:12:44 - [MESSAGE][PASSED] - Text 'demo-kmssolutions' is set on object 'Object Repository/Test Object/Product Name/gitHub/Pages/Login Page/Page_Sign in to GitHub  GitHub/input_Username'

2018-12-28 16:12:44 - [TEST_STEP][PASSED] - setText(findTestObject("Test Object/Product Name/gitHub/Pages/Login Page/Page_Sign in to GitHub  GitHub/input_password"), password): Text 'Kms@2018' is set on object 'Object Repository/Test Object/Product Name/gitHub/Pages/Login Page/Page_Sign in to GitHub  GitHub/input_password'

2018-12-28 16:12:44 - [MESSAGE][PASSED] - Text 'Kms@2018' is set on object 'Object Repository/Test Object/Product Name/gitHub/Pages/Login Page/Page_Sign in to GitHub  GitHub/input_password'

2018-12-28 16:12:44 - [TEST_STEP][PASSED] - click(findTestObject("Test Object/Product Name/gitHub/Pages/Login Page/Page_Sign in to GitHub  GitHub/input_Sign_in")): Object: 'Object Repository/Test Object/Product Name/gitHub/Pages/Login Page/Page_Sign in to GitHub  GitHub/input_Sign_in' is clicked on

2018-12-28 16:12:46 - [MESSAGE][PASSED] - Object: 'Object Repository/Test Object/Product Name/gitHub/Pages/Login Page/Page_Sign in to GitHub  GitHub/input_Sign_in' is clicked on

2018-12-28 16:12:46 - [TEST_STEP][PASSED] - title = getWindowTitle(): Current window's title is: 'GitHub'

2018-12-28 16:12:46 - [MESSAGE][PASSED] - Current window's title is: 'GitHub'

2018-12-28 16:12:46 - [TEST_STEP][PASSED] - verifyMatch(title, "GitHub", false): Actual text 'GitHub' and expected text 'GitHub' are matched 

2018-12-28 16:12:46 - [MESSAGE][PASSED] - Actual text 'GitHub' and expected text 'GitHub' are matched 

2018-12-28 16:12:46 - [TEST_STEP][PASSED] - closeBrowser(): Browser is closed

2018-12-28 16:12:48 - [MESSAGE][PASSED] - Browser is closed

2018-12-28 16:12:48 - [TEST_STEP][PASSED] - Start listener action : afterTestCase: null

2018-12-28 16:12:48 - [TEST_STEP][PASSED] - testCaseCurrent = getCurrentTestCase(testCaseContext): null

2018-12-28 16:12:48 - [TEST_STEP][PASSED] - testCaseId = testCaseContext.getTestCaseId(): null

2018-12-28 16:12:48 - [TEST_STEP][PASSED] - testCase = findTestCase(testCaseId): null

2018-12-28 16:12:48 - [TEST_STEP][PASSED] - return testCase: null

2018-12-28 16:12:48 - [TEST_STEP][PASSED] - try: null

2018-12-28 16:12:48 - [TEST_STEP][PASSED] - if (TestCaseSpecs.isWebUI(testCaseCurrent)): null]]></system-out>
         <system-err><![CDATA[]]></system-err>
      </testcase>
      <system-out><![CDATA[2018-12-28 16:12:36 - [TEST_SUITE][PASSED] - git: Test Cases/Main Cases/Product Name/WebUI/KAT_SendKeys/TC001_Login with global variables_SendKeys]]></system-out>
      <system-err><![CDATA[]]></system-err>
   </testsuite>
</testsuites>
