<?xml version="1.0" encoding="UTF-8"?>
<testsuites name="Suite_1" time="17" tests="1" failures="0" errors="0">
   <testsuite name="Suite_1" tests="1" failures="0" errors="0" time="17" timestamp="2018-11-30 17:01:12" hostname="hungtran - GLKV1G2.kms.com.vn" id="Test Suites/Delivery/Release 1-Sprint 1/Suite_1">
      <properties>
         <property name="deviceName" value=""/>
         <property name="devicePlatform" value=""/>
         <property name="logFolder" value="E:\\Katalon\\KatalonProject\\WEB UI Testing - Demo\\Reports\\Delivery\\Release 1-Sprint 1\\Suite_1\\20181130_170110"/>
         <property name="logFiles" value="E:\\Katalon\\KatalonProject\\WEB UI Testing - Demo\\Reports\\Delivery\\Release 1-Sprint 1\\Suite_1\\20181130_170110\\execution0.log"/>
         <property name="attachments" value=""/>
         <property name="hostName" value="hungtran - GLKV1G2.kms.com.vn"/>
         <property name="os" value="Windows 10 64bit"/>
         <property name="katalonVersion" value="5.8.4.14"/>
         <property name="browser" value="Chrome 70.0.3538.102"/>
         <property name="hostAddress" value="169.254.177.8"/>
         <property name="sessionId" value="af279f529c87a791beef73aeb336d7c7"/>
         <property name="seleniumVersion" value="3.7.1"/>
         <property name="proxyInformation" value="ProxyInformation{proxyOption=NO_PROXY, proxyServerType=HTTP, password=, proxyServerAddress=, proxyServerPort=0}"/>
         <property name="platform" value="Windows 10"/>
      </properties>
      <testcase name="Test Cases/Common Cases/Simple Examples/Data-driven examples/Login with global variable" classname="Test Cases/Common Cases/Simple Examples/Data-driven examples/Login with global variable" status="PASSED">
         <system-out><![CDATA[2018-11-30 17:01:12 - [TEST_CASE][PASSED] - Test Cases/Common Cases/Simple Examples/Data-driven examples/Login with global variable: Test Cases/Common Cases/Simple Examples/Data-driven examples/Login with global variable

2018-11-30 17:01:13 - [TEST_STEP][PASSED] - Start listener action : beforeTestCase: Navigate to 'http://github.com/login' successfully

2018-11-30 17:01:13 - [TEST_STEP][PASSED] - openBrowser: Browser is opened with url: ''

2018-11-30 17:01:18 - [MESSAGE][PASSED] - Browser is opened with url: ''

2018-11-30 17:01:18 - [TEST_STEP][PASSED] - maximizeWindow: Current window maximized

2018-11-30 17:01:19 - [MESSAGE][PASSED] - Current window maximized

2018-11-30 17:01:19 - [TEST_STEP][PASSED] - navigateToUrl: Navigate to 'http://github.com/login' successfully

2018-11-30 17:01:23 - [MESSAGE][PASSED] - Navigate to 'http://github.com/login' successfully

2018-11-30 17:01:23 - [TEST_STEP][PASSED] - waitForElementVisible: Object 'Object Repository/Test Object/Product Name/Pages/Login Page/Page_Sign in to GitHub  GitHub/h1_Sign_in_to_GitHub' is visible

2018-11-30 17:01:23 - [MESSAGE][PASSED] - Object 'Object Repository/Test Object/Product Name/Pages/Login Page/Page_Sign in to GitHub  GitHub/h1_Sign_in_to_GitHub' is visible

2018-11-30 17:01:23 - [TEST_STEP][PASSED] - verifyTextPresent: Text 'Sign in to GitHub' is present on page 

2018-11-30 17:01:23 - [MESSAGE][PASSED] - Text 'Sign in to GitHub' is present on page 

2018-11-30 17:01:23 - [TEST_STEP][PASSED] - setText: Text 'demo-kmssolutions' is set on object 'Object Repository/Test Object/Product Name/Pages/Login Page/Page_Sign in to GitHub  GitHub/input_Username'

2018-11-30 17:01:24 - [MESSAGE][PASSED] - Text 'demo-kmssolutions' is set on object 'Object Repository/Test Object/Product Name/Pages/Login Page/Page_Sign in to GitHub  GitHub/input_Username'

2018-11-30 17:01:24 - [TEST_STEP][PASSED] - setText: Text 'Kms@2018' is set on object 'Object Repository/Test Object/Product Name/Pages/Login Page/Page_Sign in to GitHub  GitHub/input_password'

2018-11-30 17:01:24 - [MESSAGE][PASSED] - Text 'Kms@2018' is set on object 'Object Repository/Test Object/Product Name/Pages/Login Page/Page_Sign in to GitHub  GitHub/input_password'

2018-11-30 17:01:24 - [TEST_STEP][PASSED] - click: Object: 'Object Repository/Test Object/Product Name/Pages/Login Page/Page_Sign in to GitHub  GitHub/input_Sign_in' is clicked on

2018-11-30 17:01:27 - [MESSAGE][PASSED] - Object: 'Object Repository/Test Object/Product Name/Pages/Login Page/Page_Sign in to GitHub  GitHub/input_Sign_in' is clicked on

2018-11-30 17:01:27 - [TEST_STEP][PASSED] - Statement - title = com.kms.katalon.core.webui.keyword.WebUiBuiltInKeywords.getWindowTitle(): Current window's title is: 'GitHub'

2018-11-30 17:01:27 - [MESSAGE][PASSED] - Current window's title is: 'GitHub'

2018-11-30 17:01:27 - [TEST_STEP][PASSED] - verifyMatch: Actual text 'GitHub' and expected text 'GitHub' are matched 

2018-11-30 17:01:27 - [MESSAGE][PASSED] - Actual text 'GitHub' and expected text 'GitHub' are matched 

2018-11-30 17:01:27 - [TEST_STEP][PASSED] - Start listener action : afterTestCase: Browser is closed

2018-11-30 17:01:27 - [TEST_STEP][PASSED] - closeBrowser: Browser is closed

2018-11-30 17:01:29 - [MESSAGE][PASSED] - Browser is closed]]></system-out>
         <system-err><![CDATA[]]></system-err>
      </testcase>
      <system-out><![CDATA[2018-11-30 17:01:12 - [TEST_SUITE][PASSED] - Suite_1: Test Cases/Common Cases/Simple Examples/Data-driven examples/Login with global variable]]></system-out>
      <system-err><![CDATA[]]></system-err>
   </testsuite>
</testsuites>
