<?xml version="1.0" encoding="UTF-8"?>
<testsuites name="Verify common API" time="25" tests="9" failures="0" errors="0">
   <testsuite name="Verify common API" tests="9" failures="0" errors="0" time="25" timestamp="2018-12-28 16:04:08" hostname="hungtran - GLKV1G2.kms.com.vn" id="Test Suites/Regression Execution/API/Verify common API">
      <properties>
         <property name="deviceName" value=""/>
         <property name="devicePlatform" value=""/>
         <property name="logFolder" value="C:\\Users\\hungtran\\git\\demo-training\\Reports\\Regression Execution\\API\\Verify common API\\20181228_160348"/>
         <property name="logFiles" value="C:\\Users\\hungtran\\git\\demo-training\\Reports\\Regression Execution\\API\\Verify common API\\20181228_160348\\execution0.log"/>
         <property name="attachments" value=""/>
         <property name="hostName" value="hungtran - GLKV1G2.kms.com.vn"/>
         <property name="hostAddress" value="10.0.75.1"/>
         <property name="os" value="Windows 10 64bit"/>
         <property name="katalonVersion" value="5.10.0.1"/>
      </properties>
      <testcase name="Test Cases/Main Cases/Product Name/API/Chain_API/reqres/TC003_API_reqres_ChainAPI_users_validation_(using Test Data)" classname="Test Cases/Main Cases/Product Name/API/Chain_API/reqres/TC003_API_reqres_ChainAPI_users_validation_(using Test Data)" status="PASSED">
         <system-out><![CDATA[2018-12-28 16:04:09 - [TEST_CASE][PASSED] - Test Cases/Main Cases/Product Name/API/Chain_API/reqres/TC003_API_reqres_ChainAPI_users_validation_(using Test Data): Test Cases/Main Cases/Product Name/API/Chain_API/reqres/TC003_API_reqres_ChainAPI_users_validation_(using Test Data)

2018-12-28 16:04:09 - [TEST_STEP][PASSED] - Start listener action : beforeTestCase: null

2018-12-28 16:04:09 - [TEST_STEP][PASSED] - testCaseCurrent = getCurrentTestCase(testCaseContext): null

2018-12-28 16:04:09 - [TEST_STEP][PASSED] - testCaseId = testCaseContext.getTestCaseId(): null

2018-12-28 16:04:09 - [TEST_STEP][PASSED] - testCase = findTestCase(testCaseId): null

2018-12-28 16:04:09 - [TEST_STEP][PASSED] - return testCase: null

2018-12-28 16:04:09 - [TEST_STEP][PASSED] - try: null

2018-12-28 16:04:09 - [TEST_STEP][PASSED] - if (TestCaseSpecs.isWebUI(testCaseCurrent)): null

2018-12-28 16:04:09 - [TEST_STEP][PASSED] - responseListUsers = sendRequest(findTestObject("Web Service Object/Product Name/Chain_API/RESTful/reqres/GET_list_users", ["URL":G_reqres_URL, "page":page])): Send request successfully

2018-12-28 16:04:18 - [MESSAGE][PASSED] - Send request successfully

2018-12-28 16:04:18 - [TEST_STEP][PASSED] - verifyResponseStatusCode(responseListUsers, 200): Verify response status code successfully

2018-12-28 16:04:18 - [MESSAGE][PASSED] - Verify response status code successfully

2018-12-28 16:04:18 - [TEST_STEP][PASSED] - verifyElementPropertyValue(responseListUsers, "per_page", per_page): Verify element property value successfully

2018-12-28 16:04:21 - [MESSAGE][PASSED] - Verify element property value successfully

2018-12-28 16:04:21 - [TEST_STEP][PASSED] - verifyElementPropertyValue(responseListUsers, "data[" + pos + "].id", user_id): Verify element property value successfully

2018-12-28 16:04:21 - [MESSAGE][PASSED] - Verify element property value successfully

2018-12-28 16:04:21 - [TEST_STEP][PASSED] - verifyElementPropertyValue(responseListUsers, "data[" + pos + "].first_name", first_name): Verify element property value successfully

2018-12-28 16:04:21 - [MESSAGE][PASSED] - Verify element property value successfully

2018-12-28 16:04:21 - [TEST_STEP][PASSED] - verifyElementPropertyValue(responseListUsers, "data[" + pos + "].last_name", last_name): Verify element property value successfully

2018-12-28 16:04:21 - [MESSAGE][PASSED] - Verify element property value successfully

2018-12-28 16:04:21 - [TEST_STEP][PASSED] - verifyElementPropertyValue(responseListUsers, "data[" + pos + "].avatar", avatar): Verify element property value successfully

2018-12-28 16:04:21 - [MESSAGE][PASSED] - Verify element property value successfully

2018-12-28 16:04:21 - [TEST_STEP][PASSED] - responseUser = sendRequest(findTestObject("Web Service Object/Product Name/Chain_API/RESTful/reqres/GET_single_user", ["URL":G_reqres_URL, "user_id":user_id])): Send request successfully

2018-12-28 16:04:22 - [MESSAGE][PASSED] - Send request successfully

2018-12-28 16:04:22 - [TEST_STEP][PASSED] - verifyResponseStatusCode(responseUser, 200): Verify response status code successfully

2018-12-28 16:04:22 - [MESSAGE][PASSED] - Verify response status code successfully

2018-12-28 16:04:22 - [TEST_STEP][PASSED] - verifyElementPropertyValue(responseUser, "data.id", user_id): Verify element property value successfully

2018-12-28 16:04:22 - [MESSAGE][PASSED] - Verify element property value successfully

2018-12-28 16:04:22 - [TEST_STEP][PASSED] - verifyElementPropertyValue(responseUser, "data.first_name", first_name): Verify element property value successfully

2018-12-28 16:04:22 - [MESSAGE][PASSED] - Verify element property value successfully

2018-12-28 16:04:22 - [TEST_STEP][PASSED] - verifyElementPropertyValue(responseUser, "data.last_name", last_name): Verify element property value successfully

2018-12-28 16:04:22 - [MESSAGE][PASSED] - Verify element property value successfully

2018-12-28 16:04:22 - [TEST_STEP][PASSED] - verifyElementPropertyValue(responseUser, "data.avatar", avatar): Verify element property value successfully

2018-12-28 16:04:22 - [MESSAGE][PASSED] - Verify element property value successfully

2018-12-28 16:04:22 - [TEST_STEP][PASSED] - Start listener action : afterTestCase: null

2018-12-28 16:04:22 - [TEST_STEP][PASSED] - testCaseCurrent = getCurrentTestCase(testCaseContext): null

2018-12-28 16:04:22 - [TEST_STEP][PASSED] - testCaseId = testCaseContext.getTestCaseId(): null

2018-12-28 16:04:22 - [TEST_STEP][PASSED] - testCase = findTestCase(testCaseId): null

2018-12-28 16:04:22 - [TEST_STEP][PASSED] - return testCase: null

2018-12-28 16:04:22 - [TEST_STEP][PASSED] - try: null

2018-12-28 16:04:22 - [TEST_STEP][PASSED] - if (TestCaseSpecs.isWebUI(testCaseCurrent)): null]]></system-out>
         <system-err><![CDATA[]]></system-err>
      </testcase>
      <testcase name="Test Cases/Main Cases/Product Name/API/Chain_API/reqres/TC003_API_reqres_ChainAPI_users_validation_(using Test Data)" classname="Test Cases/Main Cases/Product Name/API/Chain_API/reqres/TC003_API_reqres_ChainAPI_users_validation_(using Test Data)" status="PASSED">
         <system-out><![CDATA[2018-12-28 16:04:22 - [TEST_CASE][PASSED] - Test Cases/Main Cases/Product Name/API/Chain_API/reqres/TC003_API_reqres_ChainAPI_users_validation_(using Test Data): Test Cases/Main Cases/Product Name/API/Chain_API/reqres/TC003_API_reqres_ChainAPI_users_validation_(using Test Data)

2018-12-28 16:04:22 - [TEST_STEP][PASSED] - Start listener action : beforeTestCase: null

2018-12-28 16:04:22 - [TEST_STEP][PASSED] - testCaseCurrent = getCurrentTestCase(testCaseContext): null

2018-12-28 16:04:22 - [TEST_STEP][PASSED] - testCaseId = testCaseContext.getTestCaseId(): null

2018-12-28 16:04:22 - [TEST_STEP][PASSED] - testCase = findTestCase(testCaseId): null

2018-12-28 16:04:22 - [TEST_STEP][PASSED] - return testCase: null

2018-12-28 16:04:22 - [TEST_STEP][PASSED] - try: null

2018-12-28 16:04:22 - [TEST_STEP][PASSED] - if (TestCaseSpecs.isWebUI(testCaseCurrent)): null

2018-12-28 16:04:22 - [TEST_STEP][PASSED] - responseListUsers = sendRequest(findTestObject("Web Service Object/Product Name/Chain_API/RESTful/reqres/GET_list_users", ["URL":G_reqres_URL, "page":page])): Send request successfully

2018-12-28 16:04:23 - [MESSAGE][PASSED] - Send request successfully

2018-12-28 16:04:23 - [TEST_STEP][PASSED] - verifyResponseStatusCode(responseListUsers, 200): Verify response status code successfully

2018-12-28 16:04:23 - [MESSAGE][PASSED] - Verify response status code successfully

2018-12-28 16:04:23 - [TEST_STEP][PASSED] - verifyElementPropertyValue(responseListUsers, "per_page", per_page): Verify element property value successfully

2018-12-28 16:04:23 - [MESSAGE][PASSED] - Verify element property value successfully

2018-12-28 16:04:23 - [TEST_STEP][PASSED] - verifyElementPropertyValue(responseListUsers, "data[" + pos + "].id", user_id): Verify element property value successfully

2018-12-28 16:04:23 - [MESSAGE][PASSED] - Verify element property value successfully

2018-12-28 16:04:23 - [TEST_STEP][PASSED] - verifyElementPropertyValue(responseListUsers, "data[" + pos + "].first_name", first_name): Verify element property value successfully

2018-12-28 16:04:23 - [MESSAGE][PASSED] - Verify element property value successfully

2018-12-28 16:04:23 - [TEST_STEP][PASSED] - verifyElementPropertyValue(responseListUsers, "data[" + pos + "].last_name", last_name): Verify element property value successfully

2018-12-28 16:04:23 - [MESSAGE][PASSED] - Verify element property value successfully

2018-12-28 16:04:23 - [TEST_STEP][PASSED] - verifyElementPropertyValue(responseListUsers, "data[" + pos + "].avatar", avatar): Verify element property value successfully

2018-12-28 16:04:23 - [MESSAGE][PASSED] - Verify element property value successfully

2018-12-28 16:04:23 - [TEST_STEP][PASSED] - responseUser = sendRequest(findTestObject("Web Service Object/Product Name/Chain_API/RESTful/reqres/GET_single_user", ["URL":G_reqres_URL, "user_id":user_id])): Send request successfully

2018-12-28 16:04:24 - [MESSAGE][PASSED] - Send request successfully

2018-12-28 16:04:24 - [TEST_STEP][PASSED] - verifyResponseStatusCode(responseUser, 200): Verify response status code successfully

2018-12-28 16:04:24 - [MESSAGE][PASSED] - Verify response status code successfully

2018-12-28 16:04:24 - [TEST_STEP][PASSED] - verifyElementPropertyValue(responseUser, "data.id", user_id): Verify element property value successfully

2018-12-28 16:04:24 - [MESSAGE][PASSED] - Verify element property value successfully

2018-12-28 16:04:24 - [TEST_STEP][PASSED] - verifyElementPropertyValue(responseUser, "data.first_name", first_name): Verify element property value successfully

2018-12-28 16:04:24 - [MESSAGE][PASSED] - Verify element property value successfully

2018-12-28 16:04:24 - [TEST_STEP][PASSED] - verifyElementPropertyValue(responseUser, "data.last_name", last_name): Verify element property value successfully

2018-12-28 16:04:24 - [MESSAGE][PASSED] - Verify element property value successfully

2018-12-28 16:04:24 - [TEST_STEP][PASSED] - verifyElementPropertyValue(responseUser, "data.avatar", avatar): Verify element property value successfully

2018-12-28 16:04:24 - [MESSAGE][PASSED] - Verify element property value successfully

2018-12-28 16:04:24 - [TEST_STEP][PASSED] - Start listener action : afterTestCase: null

2018-12-28 16:04:24 - [TEST_STEP][PASSED] - testCaseCurrent = getCurrentTestCase(testCaseContext): null

2018-12-28 16:04:24 - [TEST_STEP][PASSED] - testCaseId = testCaseContext.getTestCaseId(): null

2018-12-28 16:04:24 - [TEST_STEP][PASSED] - testCase = findTestCase(testCaseId): null

2018-12-28 16:04:24 - [TEST_STEP][PASSED] - return testCase: null

2018-12-28 16:04:24 - [TEST_STEP][PASSED] - try: null

2018-12-28 16:04:24 - [TEST_STEP][PASSED] - if (TestCaseSpecs.isWebUI(testCaseCurrent)): null]]></system-out>
         <system-err><![CDATA[]]></system-err>
      </testcase>
      <testcase name="Test Cases/Main Cases/Product Name/API/Chain_API/reqres/TC003_API_reqres_ChainAPI_users_validation_(using Test Data)" classname="Test Cases/Main Cases/Product Name/API/Chain_API/reqres/TC003_API_reqres_ChainAPI_users_validation_(using Test Data)" status="PASSED">
         <system-out><![CDATA[2018-12-28 16:04:24 - [TEST_CASE][PASSED] - Test Cases/Main Cases/Product Name/API/Chain_API/reqres/TC003_API_reqres_ChainAPI_users_validation_(using Test Data): Test Cases/Main Cases/Product Name/API/Chain_API/reqres/TC003_API_reqres_ChainAPI_users_validation_(using Test Data)

2018-12-28 16:04:24 - [TEST_STEP][PASSED] - Start listener action : beforeTestCase: null

2018-12-28 16:04:24 - [TEST_STEP][PASSED] - testCaseCurrent = getCurrentTestCase(testCaseContext): null

2018-12-28 16:04:24 - [TEST_STEP][PASSED] - testCaseId = testCaseContext.getTestCaseId(): null

2018-12-28 16:04:24 - [TEST_STEP][PASSED] - testCase = findTestCase(testCaseId): null

2018-12-28 16:04:24 - [TEST_STEP][PASSED] - return testCase: null

2018-12-28 16:04:24 - [TEST_STEP][PASSED] - try: null

2018-12-28 16:04:24 - [TEST_STEP][PASSED] - if (TestCaseSpecs.isWebUI(testCaseCurrent)): null

2018-12-28 16:04:24 - [TEST_STEP][PASSED] - responseListUsers = sendRequest(findTestObject("Web Service Object/Product Name/Chain_API/RESTful/reqres/GET_list_users", ["URL":G_reqres_URL, "page":page])): Send request successfully

2018-12-28 16:04:25 - [MESSAGE][PASSED] - Send request successfully

2018-12-28 16:04:25 - [TEST_STEP][PASSED] - verifyResponseStatusCode(responseListUsers, 200): Verify response status code successfully

2018-12-28 16:04:25 - [MESSAGE][PASSED] - Verify response status code successfully

2018-12-28 16:04:25 - [TEST_STEP][PASSED] - verifyElementPropertyValue(responseListUsers, "per_page", per_page): Verify element property value successfully

2018-12-28 16:04:25 - [MESSAGE][PASSED] - Verify element property value successfully

2018-12-28 16:04:25 - [TEST_STEP][PASSED] - verifyElementPropertyValue(responseListUsers, "data[" + pos + "].id", user_id): Verify element property value successfully

2018-12-28 16:04:25 - [MESSAGE][PASSED] - Verify element property value successfully

2018-12-28 16:04:25 - [TEST_STEP][PASSED] - verifyElementPropertyValue(responseListUsers, "data[" + pos + "].first_name", first_name): Verify element property value successfully

2018-12-28 16:04:25 - [MESSAGE][PASSED] - Verify element property value successfully

2018-12-28 16:04:25 - [TEST_STEP][PASSED] - verifyElementPropertyValue(responseListUsers, "data[" + pos + "].last_name", last_name): Verify element property value successfully

2018-12-28 16:04:25 - [MESSAGE][PASSED] - Verify element property value successfully

2018-12-28 16:04:25 - [TEST_STEP][PASSED] - verifyElementPropertyValue(responseListUsers, "data[" + pos + "].avatar", avatar): Verify element property value successfully

2018-12-28 16:04:25 - [MESSAGE][PASSED] - Verify element property value successfully

2018-12-28 16:04:25 - [TEST_STEP][PASSED] - responseUser = sendRequest(findTestObject("Web Service Object/Product Name/Chain_API/RESTful/reqres/GET_single_user", ["URL":G_reqres_URL, "user_id":user_id])): Send request successfully

2018-12-28 16:04:26 - [MESSAGE][PASSED] - Send request successfully

2018-12-28 16:04:26 - [TEST_STEP][PASSED] - verifyResponseStatusCode(responseUser, 200): Verify response status code successfully

2018-12-28 16:04:26 - [MESSAGE][PASSED] - Verify response status code successfully

2018-12-28 16:04:26 - [TEST_STEP][PASSED] - verifyElementPropertyValue(responseUser, "data.id", user_id): Verify element property value successfully

2018-12-28 16:04:26 - [MESSAGE][PASSED] - Verify element property value successfully

2018-12-28 16:04:26 - [TEST_STEP][PASSED] - verifyElementPropertyValue(responseUser, "data.first_name", first_name): Verify element property value successfully

2018-12-28 16:04:26 - [MESSAGE][PASSED] - Verify element property value successfully

2018-12-28 16:04:26 - [TEST_STEP][PASSED] - verifyElementPropertyValue(responseUser, "data.last_name", last_name): Verify element property value successfully

2018-12-28 16:04:26 - [MESSAGE][PASSED] - Verify element property value successfully

2018-12-28 16:04:26 - [TEST_STEP][PASSED] - verifyElementPropertyValue(responseUser, "data.avatar", avatar): Verify element property value successfully

2018-12-28 16:04:26 - [MESSAGE][PASSED] - Verify element property value successfully

2018-12-28 16:04:26 - [TEST_STEP][PASSED] - Start listener action : afterTestCase: null

2018-12-28 16:04:26 - [TEST_STEP][PASSED] - testCaseCurrent = getCurrentTestCase(testCaseContext): null

2018-12-28 16:04:26 - [TEST_STEP][PASSED] - testCaseId = testCaseContext.getTestCaseId(): null

2018-12-28 16:04:26 - [TEST_STEP][PASSED] - testCase = findTestCase(testCaseId): null

2018-12-28 16:04:26 - [TEST_STEP][PASSED] - return testCase: null

2018-12-28 16:04:26 - [TEST_STEP][PASSED] - try: null

2018-12-28 16:04:26 - [TEST_STEP][PASSED] - if (TestCaseSpecs.isWebUI(testCaseCurrent)): null]]></system-out>
         <system-err><![CDATA[]]></system-err>
      </testcase>
      <testcase name="Test Cases/Main Cases/Product Name/API/Chain_API/reqres/TC002_API_reqres_list_users_validation_(using Test Data)" classname="Test Cases/Main Cases/Product Name/API/Chain_API/reqres/TC002_API_reqres_list_users_validation_(using Test Data)" status="PASSED">
         <system-out><![CDATA[2018-12-28 16:04:26 - [TEST_CASE][PASSED] - Test Cases/Main Cases/Product Name/API/Chain_API/reqres/TC002_API_reqres_list_users_validation_(using Test Data): Test Cases/Main Cases/Product Name/API/Chain_API/reqres/TC002_API_reqres_list_users_validation_(using Test Data)

2018-12-28 16:04:26 - [TEST_STEP][PASSED] - Start listener action : beforeTestCase: null

2018-12-28 16:04:26 - [TEST_STEP][PASSED] - testCaseCurrent = getCurrentTestCase(testCaseContext): null

2018-12-28 16:04:26 - [TEST_STEP][PASSED] - testCaseId = testCaseContext.getTestCaseId(): null

2018-12-28 16:04:26 - [TEST_STEP][PASSED] - testCase = findTestCase(testCaseId): null

2018-12-28 16:04:26 - [TEST_STEP][PASSED] - return testCase: null

2018-12-28 16:04:26 - [TEST_STEP][PASSED] - try: null

2018-12-28 16:04:26 - [TEST_STEP][PASSED] - if (TestCaseSpecs.isWebUI(testCaseCurrent)): null

2018-12-28 16:04:27 - [TEST_STEP][PASSED] - response = sendRequest(findTestObject("Web Service Object/Product Name/Chain_API/RESTful/reqres/GET_list_users", ["URL":G_reqres_URL, "page":1])): Send request successfully

2018-12-28 16:04:27 - [MESSAGE][PASSED] - Send request successfully

2018-12-28 16:04:27 - [TEST_STEP][PASSED] - verifyResponseStatusCode(response, SUCCESSFUL): Verify response status code successfully

2018-12-28 16:04:27 - [MESSAGE][PASSED] - Verify response status code successfully

2018-12-28 16:04:27 - [TEST_STEP][PASSED] - Start listener action : afterTestCase: null

2018-12-28 16:04:27 - [TEST_STEP][PASSED] - testCaseCurrent = getCurrentTestCase(testCaseContext): null

2018-12-28 16:04:27 - [TEST_STEP][PASSED] - testCaseId = testCaseContext.getTestCaseId(): null

2018-12-28 16:04:27 - [TEST_STEP][PASSED] - testCase = findTestCase(testCaseId): null

2018-12-28 16:04:27 - [TEST_STEP][PASSED] - return testCase: null

2018-12-28 16:04:27 - [TEST_STEP][PASSED] - try: null

2018-12-28 16:04:27 - [TEST_STEP][PASSED] - if (TestCaseSpecs.isWebUI(testCaseCurrent)): null]]></system-out>
         <system-err><![CDATA[]]></system-err>
      </testcase>
      <testcase name="Test Cases/Main Cases/Product Name/API/Chain_API/reqres/TC002_API_reqres_list_users_validation_(using Test Data)" classname="Test Cases/Main Cases/Product Name/API/Chain_API/reqres/TC002_API_reqres_list_users_validation_(using Test Data)" status="PASSED">
         <system-out><![CDATA[2018-12-28 16:04:27 - [TEST_CASE][PASSED] - Test Cases/Main Cases/Product Name/API/Chain_API/reqres/TC002_API_reqres_list_users_validation_(using Test Data): Test Cases/Main Cases/Product Name/API/Chain_API/reqres/TC002_API_reqres_list_users_validation_(using Test Data)

2018-12-28 16:04:27 - [TEST_STEP][PASSED] - Start listener action : beforeTestCase: null

2018-12-28 16:04:27 - [TEST_STEP][PASSED] - testCaseCurrent = getCurrentTestCase(testCaseContext): null

2018-12-28 16:04:27 - [TEST_STEP][PASSED] - testCaseId = testCaseContext.getTestCaseId(): null

2018-12-28 16:04:27 - [TEST_STEP][PASSED] - testCase = findTestCase(testCaseId): null

2018-12-28 16:04:27 - [TEST_STEP][PASSED] - return testCase: null

2018-12-28 16:04:27 - [TEST_STEP][PASSED] - try: null

2018-12-28 16:04:27 - [TEST_STEP][PASSED] - if (TestCaseSpecs.isWebUI(testCaseCurrent)): null

2018-12-28 16:04:27 - [TEST_STEP][PASSED] - response = sendRequest(findTestObject("Web Service Object/Product Name/Chain_API/RESTful/reqres/GET_list_users", ["URL":G_reqres_URL, "page":1])): Send request successfully

2018-12-28 16:04:28 - [MESSAGE][PASSED] - Send request successfully

2018-12-28 16:04:28 - [TEST_STEP][PASSED] - verifyResponseStatusCode(response, SUCCESSFUL): Verify response status code successfully

2018-12-28 16:04:28 - [MESSAGE][PASSED] - Verify response status code successfully

2018-12-28 16:04:28 - [TEST_STEP][PASSED] - Start listener action : afterTestCase: null

2018-12-28 16:04:28 - [TEST_STEP][PASSED] - testCaseCurrent = getCurrentTestCase(testCaseContext): null

2018-12-28 16:04:28 - [TEST_STEP][PASSED] - testCaseId = testCaseContext.getTestCaseId(): null

2018-12-28 16:04:28 - [TEST_STEP][PASSED] - testCase = findTestCase(testCaseId): null

2018-12-28 16:04:28 - [TEST_STEP][PASSED] - return testCase: null

2018-12-28 16:04:28 - [TEST_STEP][PASSED] - try: null

2018-12-28 16:04:28 - [TEST_STEP][PASSED] - if (TestCaseSpecs.isWebUI(testCaseCurrent)): null]]></system-out>
         <system-err><![CDATA[]]></system-err>
      </testcase>
      <testcase name="Test Cases/Main Cases/Product Name/API/Chain_API/reqres/TC002_API_reqres_list_users_validation_(using Test Data)" classname="Test Cases/Main Cases/Product Name/API/Chain_API/reqres/TC002_API_reqres_list_users_validation_(using Test Data)" status="PASSED">
         <system-out><![CDATA[2018-12-28 16:04:28 - [TEST_CASE][PASSED] - Test Cases/Main Cases/Product Name/API/Chain_API/reqres/TC002_API_reqres_list_users_validation_(using Test Data): Test Cases/Main Cases/Product Name/API/Chain_API/reqres/TC002_API_reqres_list_users_validation_(using Test Data)

2018-12-28 16:04:28 - [TEST_STEP][PASSED] - Start listener action : beforeTestCase: null

2018-12-28 16:04:28 - [TEST_STEP][PASSED] - testCaseCurrent = getCurrentTestCase(testCaseContext): null

2018-12-28 16:04:28 - [TEST_STEP][PASSED] - testCaseId = testCaseContext.getTestCaseId(): null

2018-12-28 16:04:28 - [TEST_STEP][PASSED] - testCase = findTestCase(testCaseId): null

2018-12-28 16:04:28 - [TEST_STEP][PASSED] - return testCase: null

2018-12-28 16:04:28 - [TEST_STEP][PASSED] - try: null

2018-12-28 16:04:28 - [TEST_STEP][PASSED] - if (TestCaseSpecs.isWebUI(testCaseCurrent)): null

2018-12-28 16:04:28 - [TEST_STEP][PASSED] - response = sendRequest(findTestObject("Web Service Object/Product Name/Chain_API/RESTful/reqres/GET_list_users", ["URL":G_reqres_URL, "page":1])): Send request successfully

2018-12-28 16:04:29 - [MESSAGE][PASSED] - Send request successfully

2018-12-28 16:04:29 - [TEST_STEP][PASSED] - verifyResponseStatusCode(response, SUCCESSFUL): Verify response status code successfully

2018-12-28 16:04:29 - [MESSAGE][PASSED] - Verify response status code successfully

2018-12-28 16:04:29 - [TEST_STEP][PASSED] - Start listener action : afterTestCase: null

2018-12-28 16:04:29 - [TEST_STEP][PASSED] - testCaseCurrent = getCurrentTestCase(testCaseContext): null

2018-12-28 16:04:29 - [TEST_STEP][PASSED] - testCaseId = testCaseContext.getTestCaseId(): null

2018-12-28 16:04:29 - [TEST_STEP][PASSED] - testCase = findTestCase(testCaseId): null

2018-12-28 16:04:29 - [TEST_STEP][PASSED] - return testCase: null

2018-12-28 16:04:29 - [TEST_STEP][PASSED] - try: null

2018-12-28 16:04:29 - [TEST_STEP][PASSED] - if (TestCaseSpecs.isWebUI(testCaseCurrent)): null]]></system-out>
         <system-err><![CDATA[]]></system-err>
      </testcase>
      <testcase name="Test Cases/Main Cases/Product Name/API/Chain_API/reqres/TC001_API_reqres_list_users_validation_(using Variables)" classname="Test Cases/Main Cases/Product Name/API/Chain_API/reqres/TC001_API_reqres_list_users_validation_(using Variables)" status="PASSED">
         <system-out><![CDATA[2018-12-28 16:04:31 - [TEST_CASE][PASSED] - Test Cases/Main Cases/Product Name/API/Chain_API/reqres/TC001_API_reqres_list_users_validation_(using Variables): Test Cases/Main Cases/Product Name/API/Chain_API/reqres/TC001_API_reqres_list_users_validation_(using Variables)

2018-12-28 16:04:31 - [TEST_STEP][PASSED] - Start listener action : beforeTestCase: null

2018-12-28 16:04:31 - [TEST_STEP][PASSED] - testCaseCurrent = getCurrentTestCase(testCaseContext): null

2018-12-28 16:04:31 - [TEST_STEP][PASSED] - testCaseId = testCaseContext.getTestCaseId(): null

2018-12-28 16:04:31 - [TEST_STEP][PASSED] - testCase = findTestCase(testCaseId): null

2018-12-28 16:04:31 - [TEST_STEP][PASSED] - return testCase: null

2018-12-28 16:04:31 - [TEST_STEP][PASSED] - try: null

2018-12-28 16:04:31 - [TEST_STEP][PASSED] - if (TestCaseSpecs.isWebUI(testCaseCurrent)): null

2018-12-28 16:04:31 - [TEST_STEP][PASSED] - response = sendRequest(findTestObject("Web Service Object/Product Name/Chain_API/RESTful/reqres/GET_list_users", ["URL":G_reqres_URL, "page":page])): Send request successfully

2018-12-28 16:04:32 - [MESSAGE][PASSED] - Send request successfully

2018-12-28 16:04:32 - [TEST_STEP][PASSED] - verifyResponseStatusCode(response, 200): Verify response status code successfully

2018-12-28 16:04:32 - [MESSAGE][PASSED] - Verify response status code successfully

2018-12-28 16:04:32 - [TEST_STEP][PASSED] - verifyElementPropertyValue(response, "per_page", per_page): Verify element property value successfully

2018-12-28 16:04:32 - [MESSAGE][PASSED] - Verify element property value successfully

2018-12-28 16:04:32 - [TEST_STEP][PASSED] - verifyElementPropertyValue(response, "data[" + pos + "].id", user_id): Verify element property value successfully

2018-12-28 16:04:32 - [MESSAGE][PASSED] - Verify element property value successfully

2018-12-28 16:04:32 - [TEST_STEP][PASSED] - verifyElementPropertyValue(response, "data[" + pos + "].first_name", first_name): Verify element property value successfully

2018-12-28 16:04:32 - [MESSAGE][PASSED] - Verify element property value successfully

2018-12-28 16:04:32 - [TEST_STEP][PASSED] - verifyElementPropertyValue(response, "data[" + pos + "].last_name", last_name): Verify element property value successfully

2018-12-28 16:04:32 - [MESSAGE][PASSED] - Verify element property value successfully

2018-12-28 16:04:32 - [TEST_STEP][PASSED] - verifyElementPropertyValue(response, "data[" + pos + "].avatar", avatar): Verify element property value successfully

2018-12-28 16:04:32 - [MESSAGE][PASSED] - Verify element property value successfully

2018-12-28 16:04:32 - [TEST_STEP][PASSED] - Start listener action : afterTestCase: null

2018-12-28 16:04:32 - [TEST_STEP][PASSED] - testCaseCurrent = getCurrentTestCase(testCaseContext): null

2018-12-28 16:04:32 - [TEST_STEP][PASSED] - testCaseId = testCaseContext.getTestCaseId(): null

2018-12-28 16:04:32 - [TEST_STEP][PASSED] - testCase = findTestCase(testCaseId): null

2018-12-28 16:04:32 - [TEST_STEP][PASSED] - return testCase: null

2018-12-28 16:04:32 - [TEST_STEP][PASSED] - try: null

2018-12-28 16:04:32 - [TEST_STEP][PASSED] - if (TestCaseSpecs.isWebUI(testCaseCurrent)): null]]></system-out>
         <system-err><![CDATA[]]></system-err>
      </testcase>
      <testcase name="Test Cases/Main Cases/Product Name/API/Chain_API/reqres/TC001_API_reqres_list_users_validation_(using Variables)" classname="Test Cases/Main Cases/Product Name/API/Chain_API/reqres/TC001_API_reqres_list_users_validation_(using Variables)" status="PASSED">
         <system-out><![CDATA[2018-12-28 16:04:32 - [TEST_CASE][PASSED] - Test Cases/Main Cases/Product Name/API/Chain_API/reqres/TC001_API_reqres_list_users_validation_(using Variables): Test Cases/Main Cases/Product Name/API/Chain_API/reqres/TC001_API_reqres_list_users_validation_(using Variables)

2018-12-28 16:04:32 - [TEST_STEP][PASSED] - Start listener action : beforeTestCase: null

2018-12-28 16:04:32 - [TEST_STEP][PASSED] - testCaseCurrent = getCurrentTestCase(testCaseContext): null

2018-12-28 16:04:32 - [TEST_STEP][PASSED] - testCaseId = testCaseContext.getTestCaseId(): null

2018-12-28 16:04:32 - [TEST_STEP][PASSED] - testCase = findTestCase(testCaseId): null

2018-12-28 16:04:32 - [TEST_STEP][PASSED] - return testCase: null

2018-12-28 16:04:32 - [TEST_STEP][PASSED] - try: null

2018-12-28 16:04:32 - [TEST_STEP][PASSED] - if (TestCaseSpecs.isWebUI(testCaseCurrent)): null

2018-12-28 16:04:32 - [TEST_STEP][PASSED] - response = sendRequest(findTestObject("Web Service Object/Product Name/Chain_API/RESTful/reqres/GET_list_users", ["URL":G_reqres_URL, "page":page])): Send request successfully

2018-12-28 16:04:33 - [MESSAGE][PASSED] - Send request successfully

2018-12-28 16:04:33 - [TEST_STEP][PASSED] - verifyResponseStatusCode(response, 200): Verify response status code successfully

2018-12-28 16:04:33 - [MESSAGE][PASSED] - Verify response status code successfully

2018-12-28 16:04:33 - [TEST_STEP][PASSED] - verifyElementPropertyValue(response, "per_page", per_page): Verify element property value successfully

2018-12-28 16:04:33 - [MESSAGE][PASSED] - Verify element property value successfully

2018-12-28 16:04:33 - [TEST_STEP][PASSED] - verifyElementPropertyValue(response, "data[" + pos + "].id", user_id): Verify element property value successfully

2018-12-28 16:04:33 - [MESSAGE][PASSED] - Verify element property value successfully

2018-12-28 16:04:33 - [TEST_STEP][PASSED] - verifyElementPropertyValue(response, "data[" + pos + "].first_name", first_name): Verify element property value successfully

2018-12-28 16:04:33 - [MESSAGE][PASSED] - Verify element property value successfully

2018-12-28 16:04:33 - [TEST_STEP][PASSED] - verifyElementPropertyValue(response, "data[" + pos + "].last_name", last_name): Verify element property value successfully

2018-12-28 16:04:33 - [MESSAGE][PASSED] - Verify element property value successfully

2018-12-28 16:04:33 - [TEST_STEP][PASSED] - verifyElementPropertyValue(response, "data[" + pos + "].avatar", avatar): Verify element property value successfully

2018-12-28 16:04:33 - [MESSAGE][PASSED] - Verify element property value successfully

2018-12-28 16:04:33 - [TEST_STEP][PASSED] - Start listener action : afterTestCase: null

2018-12-28 16:04:33 - [TEST_STEP][PASSED] - testCaseCurrent = getCurrentTestCase(testCaseContext): null

2018-12-28 16:04:33 - [TEST_STEP][PASSED] - testCaseId = testCaseContext.getTestCaseId(): null

2018-12-28 16:04:33 - [TEST_STEP][PASSED] - testCase = findTestCase(testCaseId): null

2018-12-28 16:04:33 - [TEST_STEP][PASSED] - return testCase: null

2018-12-28 16:04:33 - [TEST_STEP][PASSED] - try: null

2018-12-28 16:04:33 - [TEST_STEP][PASSED] - if (TestCaseSpecs.isWebUI(testCaseCurrent)): null]]></system-out>
         <system-err><![CDATA[]]></system-err>
      </testcase>
      <testcase name="Test Cases/Main Cases/Product Name/API/Chain_API/reqres/TC001_API_reqres_list_users_validation_(using Variables)" classname="Test Cases/Main Cases/Product Name/API/Chain_API/reqres/TC001_API_reqres_list_users_validation_(using Variables)" status="PASSED">
         <system-out><![CDATA[2018-12-28 16:04:33 - [TEST_CASE][PASSED] - Test Cases/Main Cases/Product Name/API/Chain_API/reqres/TC001_API_reqres_list_users_validation_(using Variables): Test Cases/Main Cases/Product Name/API/Chain_API/reqres/TC001_API_reqres_list_users_validation_(using Variables)

2018-12-28 16:04:33 - [TEST_STEP][PASSED] - Start listener action : beforeTestCase: null

2018-12-28 16:04:33 - [TEST_STEP][PASSED] - testCaseCurrent = getCurrentTestCase(testCaseContext): null

2018-12-28 16:04:33 - [TEST_STEP][PASSED] - testCaseId = testCaseContext.getTestCaseId(): null

2018-12-28 16:04:33 - [TEST_STEP][PASSED] - testCase = findTestCase(testCaseId): null

2018-12-28 16:04:33 - [TEST_STEP][PASSED] - return testCase: null

2018-12-28 16:04:33 - [TEST_STEP][PASSED] - try: null

2018-12-28 16:04:33 - [TEST_STEP][PASSED] - if (TestCaseSpecs.isWebUI(testCaseCurrent)): null

2018-12-28 16:04:33 - [TEST_STEP][PASSED] - response = sendRequest(findTestObject("Web Service Object/Product Name/Chain_API/RESTful/reqres/GET_list_users", ["URL":G_reqres_URL, "page":page])): Send request successfully

2018-12-28 16:04:33 - [MESSAGE][PASSED] - Send request successfully

2018-12-28 16:04:33 - [TEST_STEP][PASSED] - verifyResponseStatusCode(response, 200): Verify response status code successfully

2018-12-28 16:04:33 - [MESSAGE][PASSED] - Verify response status code successfully

2018-12-28 16:04:33 - [TEST_STEP][PASSED] - verifyElementPropertyValue(response, "per_page", per_page): Verify element property value successfully

2018-12-28 16:04:33 - [MESSAGE][PASSED] - Verify element property value successfully

2018-12-28 16:04:33 - [TEST_STEP][PASSED] - verifyElementPropertyValue(response, "data[" + pos + "].id", user_id): Verify element property value successfully

2018-12-28 16:04:34 - [MESSAGE][PASSED] - Verify element property value successfully

2018-12-28 16:04:34 - [TEST_STEP][PASSED] - verifyElementPropertyValue(response, "data[" + pos + "].first_name", first_name): Verify element property value successfully

2018-12-28 16:04:34 - [MESSAGE][PASSED] - Verify element property value successfully

2018-12-28 16:04:34 - [TEST_STEP][PASSED] - verifyElementPropertyValue(response, "data[" + pos + "].last_name", last_name): Verify element property value successfully

2018-12-28 16:04:34 - [MESSAGE][PASSED] - Verify element property value successfully

2018-12-28 16:04:34 - [TEST_STEP][PASSED] - verifyElementPropertyValue(response, "data[" + pos + "].avatar", avatar): Verify element property value successfully

2018-12-28 16:04:34 - [MESSAGE][PASSED] - Verify element property value successfully

2018-12-28 16:04:34 - [TEST_STEP][PASSED] - Start listener action : afterTestCase: null

2018-12-28 16:04:34 - [TEST_STEP][PASSED] - testCaseCurrent = getCurrentTestCase(testCaseContext): null

2018-12-28 16:04:34 - [TEST_STEP][PASSED] - testCaseId = testCaseContext.getTestCaseId(): null

2018-12-28 16:04:34 - [TEST_STEP][PASSED] - testCase = findTestCase(testCaseId): null

2018-12-28 16:04:34 - [TEST_STEP][PASSED] - return testCase: null

2018-12-28 16:04:34 - [TEST_STEP][PASSED] - try: null

2018-12-28 16:04:34 - [TEST_STEP][PASSED] - if (TestCaseSpecs.isWebUI(testCaseCurrent)): null]]></system-out>
         <system-err><![CDATA[]]></system-err>
      </testcase>
      <system-out><![CDATA[2018-12-28 16:04:08 - [TEST_SUITE][PASSED] - Verify common API: Test Cases/Main Cases/Product Name/API/Chain_API/reqres/TC001_API_reqres_list_users_validation_(using Variables)]]></system-out>
      <system-err><![CDATA[]]></system-err>
   </testsuite>
</testsuites>
